<?xml version="1.0" encoding="UTF-8"?>
<!-- Generated by org.testng.reporters.JUnitXMLReporter -->
<testsuite hostname="DESKTOP-15MQ1MA" ignored="0" name="Command line test" tests="4" failures="0" timestamp="17 Mar 2021 06:48:36 GMT" time="23.242" errors="0">
  <testcase name="Test1" time="2.85" classname="DemoExcercise.NewTest"/>
  <testcase name="Test2" time="2.314" classname="DemoExcercise.NewTest"/>
  <testcase name="Test3" time="4.619" classname="DemoExcercise.NewTest"/>
  <testcase name="Test4" time="4.473" classname="DemoExcercise.NewTest"/>
</testsuite> <!-- Command line test -->
