<?xml version="1.0" encoding="UTF-8"?>
<testng-results skipped="0" failed="0" ignored="0" total="4" passed="4">
  <reporter-output>
  </reporter-output>
  <suite name="DemoExcercise.NewTest" duration-ms="23242" started-at="2021-03-17T06:48:13Z" finished-at="2021-03-17T06:48:36Z">
    <groups>
    </groups>
    <test name="Command line test" duration-ms="23242" started-at="2021-03-17T06:48:13Z" finished-at="2021-03-17T06:48:36Z">
      <class name="DemoExcercise.NewTest">
        <test-method status="PASS" signature="setUp()[pri:0, instance:DemoExcercise.NewTest@880ec60]" name="setUp" is-config="true" duration-ms="7929" started-at="2021-03-17T12:18:13Z" finished-at="2021-03-17T12:18:21Z">
          <reporter-output>
          </reporter-output>
        </test-method> <!-- setUp -->
        <test-method status="PASS" signature="Test1()[pri:0, instance:DemoExcercise.NewTest@880ec60]" name="Test1" duration-ms="2850" started-at="2021-03-17T12:18:21Z" finished-at="2021-03-17T12:18:24Z">
          <reporter-output>
          </reporter-output>
        </test-method> <!-- Test1 -->
        <test-method status="PASS" signature="Test2()[pri:0, instance:DemoExcercise.NewTest@880ec60]" name="Test2" duration-ms="2314" started-at="2021-03-17T12:18:24Z" finished-at="2021-03-17T12:18:26Z">
          <reporter-output>
          </reporter-output>
        </test-method> <!-- Test2 -->
        <test-method status="PASS" signature="Test3()[pri:0, instance:DemoExcercise.NewTest@880ec60]" name="Test3" duration-ms="4619" started-at="2021-03-17T12:18:26Z" finished-at="2021-03-17T12:18:31Z">
          <reporter-output>
          </reporter-output>
        </test-method> <!-- Test3 -->
        <test-method status="PASS" signature="Test4()[pri:0, instance:DemoExcercise.NewTest@880ec60]" name="Test4" duration-ms="4473" started-at="2021-03-17T12:18:31Z" finished-at="2021-03-17T12:18:35Z">
          <reporter-output>
          </reporter-output>
        </test-method> <!-- Test4 -->
        <test-method status="PASS" signature="cleanUp()[pri:0, instance:DemoExcercise.NewTest@880ec60]" name="cleanUp" is-config="true" duration-ms="1013" started-at="2021-03-17T12:18:35Z" finished-at="2021-03-17T12:18:36Z">
          <reporter-output>
          </reporter-output>
        </test-method> <!-- cleanUp -->
      </class> <!-- DemoExcercise.NewTest -->
    </test> <!-- Command line test -->
  </suite> <!-- DemoExcercise.NewTest -->
</testng-results>
